<?xml version="1.0" encoding="UTF-8"?>
<testng-results ignored="0" total="1" passed="1" failed="0" skipped="0">
  <reporter-output>
  </reporter-output>
  <suite started-at="2021-07-07T11:40:14 IST" name="pippin.qa.testcases.LoginAndPlaceOrderTest" finished-at="2021-07-07T11:41:14 IST" duration-ms="59273">
    <groups>
    </groups>
    <test started-at="2021-07-07T11:40:14 IST" name="Command line test" finished-at="2021-07-07T11:41:14 IST" duration-ms="59273">
      <class name="pippin.qa.testcases.LoginAndPlaceOrderTest">
        <test-method is-config="true" signature="setUp()[pri:0, instance:pippin.qa.testcases.LoginAndPlaceOrderTest@14dd9eb7]" started-at="2021-07-07T11:40:14 IST" name="setUp" finished-at="2021-07-07T11:40:31 IST" duration-ms="16767" status="PASS">
          <reporter-output>
          </reporter-output>
        </test-method> <!-- setUp -->
        <test-method signature="loginAndPlaceNewOrderTest()[pri:1, instance:pippin.qa.testcases.LoginAndPlaceOrderTest@14dd9eb7]" started-at="2021-07-07T11:40:31 IST" name="loginAndPlaceNewOrderTest" finished-at="2021-07-07T11:41:14 IST" duration-ms="42422" status="PASS">
          <reporter-output>
          </reporter-output>
        </test-method> <!-- loginAndPlaceNewOrderTest -->
        <test-method is-config="true" signature="tearDown()[pri:0, instance:pippin.qa.testcases.LoginAndPlaceOrderTest@14dd9eb7]" started-at="2021-07-07T11:41:14 IST" name="tearDown" finished-at="2021-07-07T11:41:14 IST" duration-ms="1" status="PASS">
          <reporter-output>
          </reporter-output>
        </test-method> <!-- tearDown -->
      </class> <!-- pippin.qa.testcases.LoginAndPlaceOrderTest -->
    </test> <!-- Command line test -->
  </suite> <!-- pippin.qa.testcases.LoginAndPlaceOrderTest -->
</testng-results>
